<?xml version="1.0" encoding="utf-8"?><testsuites name="pytest tests"><testsuite name="pytest" errors="0" failures="0" skipped="1" tests="30" time="13.658" timestamp="2026-05-30T13:42:12.066016+00:00" hostname="agent-env-2c269f58-987a-4155-9711-106fce9836a1"><testcase classname="backend.tests.test_backend.TestAuthRegisterLogin" name="test_register_returns_access_refresh_legacy_token" time="0.625" /><testcase classname="backend.tests.test_backend.TestAuthRegisterLogin" name="test_login_returns_access_refresh_legacy_token" time="0.828" /><testcase classname="backend.tests.test_backend.TestAuthRegisterLogin" name="test_login_invalid_credentials" time="0.833" /><testcase classname="backend.tests.test_backend.TestAuthRegisterLogin" name="test_access_token_short_lived_15_min" time="0.550" /><testcase classname="backend.tests.test_backend.TestAuthRegisterLogin" name="test_refresh_token_long_lived_7_days" time="0.557" /><testcase classname="backend.tests.test_backend.TestAuthRefresh" name="test_refresh_with_valid_refresh_returns_new_pair" time="1.874" /><testcase classname="backend.tests.test_backend.TestAuthRefresh" name="test_refresh_with_invalid_token_returns_401" time="0.132" /><testcase classname="backend.tests.test_backend.TestAuthRefresh" name="test_refresh_with_access_token_returns_401" time="0.601" /><testcase classname="backend.tests.test_backend.TestAuthMe" name="test_me_with_access_token" time="0.623" /><testcase classname="backend.tests.test_backend.TestAuthMe" name="test_me_without_token" time="0.118" /><testcase classname="backend.tests.test_backend.TestSecurityHeaders" name="test_security_headers_on_health" time="0.100" /><testcase classname="backend.tests.test_backend.TestSecurityHeaders" name="test_security_headers_on_prices" time="0.207" /><testcase classname="backend.tests.test_backend.TestStripeWebhook" name="test_missing_signature_returns_400" time="0.099" /><testcase classname="backend.tests.test_backend.TestStripeWebhook" name="test_bogus_signature_route_mounted_graceful" time="0.125" /><testcase classname="backend.tests.test_backend.TestRampRegression" name="test_prices_endpoint_returns_neno_10000" time="0.133" /><testcase classname="backend.tests.test_backend.TestRampRegression" name="test_user_onramp_quote_with_auth" time="0.606" /><testcase classname="backend.tests.test_backend.TestRampRegression" name="test_user_offramp_quote_returns_deposit_address_for_neno" time="0.646" /><testcase classname="backend.tests.test_backend.TestHmacProtectedRoutes" name="test_hmac_onramp_quote_valid_signature" time="0.725" /><testcase classname="backend.tests.test_backend.TestHmacProtectedRoutes" name="test_hmac_bad_signature_returns_401" time="0.729" /><testcase classname="backend.tests.test_backend.TestHmacProtectedRoutes" name="test_hmac_missing_headers_returns_401" time="0.105" /><testcase classname="backend.tests.test_backend.TestDevPortalKeys" name="test_create_list_revoke_key" time="0.742" /><testcase classname="backend.tests.test_backend.TestDevPortalKeys" name="test_dev_portal_requires_developer_role" time="0.644" /><testcase classname="backend.tests.test_transak.TestTransakConfig" name="test_config_returns_public_widget_config" time="0.098" /><testcase classname="backend.tests.test_transak.TestTransakEvents" name="test_post_event_anonymous_succeeds" time="0.106" /><testcase classname="backend.tests.test_transak.TestTransakEvents" name="test_post_event_with_auth_succeeds" time="0.610" /><testcase classname="backend.tests.test_transak.TestTransakEvents" name="test_post_event_empty_wallet_returns_400_or_422" time="0.100" /><testcase classname="backend.tests.test_transak.TestTransakEvents" name="test_get_events_returns_logged_events_lowercased" time="0.202" /><testcase classname="backend.tests.test_transak.TestTransakEvents" name="test_get_events_missing_wallet_returns_422" time="0.110" /><testcase classname="backend.tests.test_transak.TestTransakCompliance" name="test_no_trade_or_payout_endpoint_under_transak_namespace" time="0.560" /><testcase classname="backend.tests.test_transak.TestTransakCompliance" name="test_openapi_does_not_define_trade_routes" time="0.205"><skipped type="pytest.skip" message="openapi endpoint not returning JSON via ingress; covered by 404 probes">/app/backend/tests/test_transak.py:169: openapi endpoint not returning JSON via ingress; covered by 404 probes</skipped></testcase></testsuite></testsuites>