<?xml version="1.0" encoding="utf-8"?><testsuites name="pytest tests"><testsuite name="pytest" errors="0" failures="0" skipped="0" tests="22" time="11.776" timestamp="2026-05-30T12:52:14.179331+00:00" hostname="agent-env-2c269f58-987a-4155-9711-106fce9836a1"><testcase classname="backend.tests.test_backend.TestAuthRegisterLogin" name="test_register_returns_access_refresh_legacy_token" time="0.627" /><testcase classname="backend.tests.test_backend.TestAuthRegisterLogin" name="test_login_returns_access_refresh_legacy_token" time="0.827" /><testcase classname="backend.tests.test_backend.TestAuthRegisterLogin" name="test_login_invalid_credentials" time="0.826" /><testcase classname="backend.tests.test_backend.TestAuthRegisterLogin" name="test_access_token_short_lived_15_min" time="0.570" /><testcase classname="backend.tests.test_backend.TestAuthRegisterLogin" name="test_refresh_token_long_lived_7_days" time="0.553" /><testcase classname="backend.tests.test_backend.TestAuthRefresh" name="test_refresh_with_valid_refresh_returns_new_pair" time="1.854" /><testcase classname="backend.tests.test_backend.TestAuthRefresh" name="test_refresh_with_invalid_token_returns_401" time="0.195" /><testcase classname="backend.tests.test_backend.TestAuthRefresh" name="test_refresh_with_access_token_returns_401" time="0.687" /><testcase classname="backend.tests.test_backend.TestAuthMe" name="test_me_with_access_token" time="0.601" /><testcase classname="backend.tests.test_backend.TestAuthMe" name="test_me_without_token" time="0.109" /><testcase classname="backend.tests.test_backend.TestSecurityHeaders" name="test_security_headers_on_health" time="0.099" /><testcase classname="backend.tests.test_backend.TestSecurityHeaders" name="test_security_headers_on_prices" time="0.233" /><testcase classname="backend.tests.test_backend.TestStripeWebhook" name="test_missing_signature_returns_400" time="0.109" /><testcase classname="backend.tests.test_backend.TestStripeWebhook" name="test_bogus_signature_route_mounted_graceful" time="0.109" /><testcase classname="backend.tests.test_backend.TestRampRegression" name="test_prices_endpoint_returns_neno_10000" time="0.134" /><testcase classname="backend.tests.test_backend.TestRampRegression" name="test_user_onramp_quote_with_auth" time="0.598" /><testcase classname="backend.tests.test_backend.TestRampRegression" name="test_user_offramp_quote_returns_deposit_address_for_neno" time="0.654" /><testcase classname="backend.tests.test_backend.TestHmacProtectedRoutes" name="test_hmac_onramp_quote_valid_signature" time="0.712" /><testcase classname="backend.tests.test_backend.TestHmacProtectedRoutes" name="test_hmac_bad_signature_returns_401" time="0.787" /><testcase classname="backend.tests.test_backend.TestHmacProtectedRoutes" name="test_hmac_missing_headers_returns_401" time="0.133" /><testcase classname="backend.tests.test_backend.TestDevPortalKeys" name="test_create_list_revoke_key" time="0.704" /><testcase classname="backend.tests.test_backend.TestDevPortalKeys" name="test_dev_portal_requires_developer_role" time="0.604" /></testsuite></testsuites>